{"C:\\Users\\Admin\\Desktop\\Kevin\\Devp\\learn-dev\\curso-node\\node-webrest-server\\src\\data\\postgres\\index.ts": {"path":"C:\\Users\\Admin\\Desktop\\Kevin\\Devp\\learn-dev\\curso-node\\node-webrest-server\\src\\data\\postgres\\index.ts","all":false,"statementMap":{"0":{"start":{"line":1,"column":0},"end":{"line":1,"column":46}},"1":{"start":{"line":2,"column":0},"end":{"line":2,"column":39}},"2":{"start":{"line":3,"column":0},"end":{"line":3,"column":64}},"3":{"start":{"line":4,"column":0},"end":{"line":4,"column":30}},"4":{"start":{"line":5,"column":0},"end":{"line":5,"column":38}},"5":{"start":{"line":6,"column":0},"end":{"line":6,"column":3}},"6":{"start":{"line":7,"column":0},"end":{"line":7,"column":52}}},"s":{"0":1,"1":1,"2":1,"3":1,"4":1,"5":1,"6":1},"branchMap":{},"b":{},"fnMap":{},"f":{}}
,"C:\\Users\\Admin\\Desktop\\Kevin\\Devp\\learn-dev\\curso-node\\node-webrest-server\\src\\presentation\\todos\\controller.ts": {"path":"C:\\Users\\Admin\\Desktop\\Kevin\\Devp\\learn-dev\\curso-node\\node-webrest-server\\src\\presentation\\todos\\controller.ts","all":false,"statementMap":{"0":{"start":{"line":1,"column":0},"end":{"line":1,"column":44}},"1":{"start":{"line":2,"column":0},"end":{"line":2,"column":8}},"2":{"start":{"line":3,"column":0},"end":{"line":3,"column":13}},"3":{"start":{"line":4,"column":0},"end":{"line":4,"column":14}},"4":{"start":{"line":5,"column":0},"end":{"line":5,"column":13}},"5":{"start":{"line":6,"column":0},"end":{"line":6,"column":10}},"6":{"start":{"line":7,"column":0},"end":{"line":7,"column":11}},"7":{"start":{"line":8,"column":0},"end":{"line":8,"column":17}},"8":{"start":{"line":9,"column":0},"end":{"line":9,"column":13}},"9":{"start":{"line":10,"column":0},"end":{"line":10,"column":22}},"10":{"start":{"line":11,"column":0},"end":{"line":11,"column":65}},"11":{"start":{"line":12,"column":0},"end":{"line":12,"column":0}},"12":{"start":{"line":13,"column":0},"end":{"line":13,"column":30}},"13":{"start":{"line":14,"column":0},"end":{"line":14,"column":8}},"14":{"start":{"line":15,"column":0},"end":{"line":15,"column":65}},"15":{"start":{"line":16,"column":0},"end":{"line":16,"column":0}},"16":{"start":{"line":17,"column":0},"end":{"line":17,"column":60}},"17":{"start":{"line":18,"column":0},"end":{"line":18,"column":39}},"18":{"start":{"line":19,"column":0},"end":{"line":19,"column":66}},"19":{"start":{"line":20,"column":0},"end":{"line":20,"column":13}},"20":{"start":{"line":21,"column":0},"end":{"line":21,"column":5}},"21":{"start":{"line":22,"column":0},"end":{"line":22,"column":0}},"22":{"start":{"line":23,"column":0},"end":{"line":23,"column":17}},"23":{"start":{"line":24,"column":0},"end":{"line":24,"column":74}},"24":{"start":{"line":25,"column":0},"end":{"line":25,"column":4}},"25":{"start":{"line":26,"column":0},"end":{"line":26,"column":0}},"26":{"start":{"line":27,"column":0},"end":{"line":27,"column":54}},"27":{"start":{"line":28,"column":0},"end":{"line":28,"column":37}},"28":{"start":{"line":29,"column":0},"end":{"line":29,"column":16}},"29":{"start":{"line":30,"column":0},"end":{"line":30,"column":39}},"30":{"start":{"line":31,"column":0},"end":{"line":31,"column":54}},"31":{"start":{"line":32,"column":0},"end":{"line":32,"column":4}},"32":{"start":{"line":33,"column":0},"end":{"line":33,"column":0}},"33":{"start":{"line":34,"column":0},"end":{"line":34,"column":57}},"34":{"start":{"line":35,"column":0},"end":{"line":35,"column":30}},"35":{"start":{"line":36,"column":0},"end":{"line":36,"column":0}},"36":{"start":{"line":37,"column":0},"end":{"line":37,"column":36}},"37":{"start":{"line":38,"column":0},"end":{"line":38,"column":18}},"38":{"start":{"line":39,"column":0},"end":{"line":39,"column":37}},"39":{"start":{"line":40,"column":0},"end":{"line":40,"column":54}},"40":{"start":{"line":41,"column":0},"end":{"line":41,"column":4}},"41":{"start":{"line":42,"column":0},"end":{"line":42,"column":0}},"42":{"start":{"line":43,"column":0},"end":{"line":43,"column":56}},"43":{"start":{"line":44,"column":0},"end":{"line":44,"column":66}},"44":{"start":{"line":45,"column":0},"end":{"line":45,"column":54}},"45":{"start":{"line":46,"column":0},"end":{"line":46,"column":0}},"46":{"start":{"line":47,"column":0},"end":{"line":47,"column":39}},"47":{"start":{"line":48,"column":0},"end":{"line":48,"column":30}},"48":{"start":{"line":49,"column":0},"end":{"line":49,"column":49}},"49":{"start":{"line":50,"column":0},"end":{"line":50,"column":54}},"50":{"start":{"line":51,"column":0},"end":{"line":51,"column":4}},"51":{"start":{"line":52,"column":0},"end":{"line":52,"column":0}},"52":{"start":{"line":53,"column":0},"end":{"line":53,"column":56}},"53":{"start":{"line":54,"column":0},"end":{"line":54,"column":30}},"54":{"start":{"line":55,"column":0},"end":{"line":55,"column":77}},"55":{"start":{"line":56,"column":0},"end":{"line":56,"column":54}},"56":{"start":{"line":57,"column":0},"end":{"line":57,"column":0}},"57":{"start":{"line":58,"column":0},"end":{"line":58,"column":39}},"58":{"start":{"line":59,"column":0},"end":{"line":59,"column":30}},"59":{"start":{"line":60,"column":0},"end":{"line":60,"column":37}},"60":{"start":{"line":61,"column":0},"end":{"line":61,"column":54}},"61":{"start":{"line":62,"column":0},"end":{"line":62,"column":4}},"62":{"start":{"line":63,"column":0},"end":{"line":63,"column":0}},"63":{"start":{"line":64,"column":0},"end":{"line":64,"column":56}},"64":{"start":{"line":65,"column":0},"end":{"line":65,"column":30}},"65":{"start":{"line":66,"column":0},"end":{"line":66,"column":0}},"66":{"start":{"line":67,"column":0},"end":{"line":67,"column":39}},"67":{"start":{"line":68,"column":0},"end":{"line":68,"column":18}},"68":{"start":{"line":69,"column":0},"end":{"line":69,"column":37}},"69":{"start":{"line":70,"column":0},"end":{"line":70,"column":54}},"70":{"start":{"line":71,"column":0},"end":{"line":71,"column":4}},"71":{"start":{"line":72,"column":0},"end":{"line":72,"column":1}}},"s":{"0":1,"1":1,"2":1,"3":1,"4":1,"5":1,"6":1,"7":1,"8":1,"9":1,"10":1,"11":1,"12":1,"13":2,"14":2,"15":2,"16":2,"17":3,"18":3,"19":3,"20":3,"21":0,"22":0,"23":0,"24":2,"25":2,"26":2,"27":1,"28":1,"29":1,"30":1,"31":2,"32":2,"33":2,"34":2,"35":2,"36":2,"37":2,"38":2,"39":2,"40":2,"41":2,"42":2,"43":3,"44":3,"45":1,"46":1,"47":1,"48":1,"49":1,"50":2,"51":2,"52":2,"53":5,"54":5,"55":5,"56":3,"57":3,"58":3,"59":3,"60":3,"61":2,"62":2,"63":2,"64":2,"65":2,"66":2,"67":2,"68":2,"69":2,"70":2,"71":2},"branchMap":{"0":{"type":"branch","line":13,"loc":{"start":{"line":13,"column":28},"end":{"line":72,"column":1}},"locations":[{"start":{"line":13,"column":28},"end":{"line":72,"column":1}}]},"1":{"type":"branch","line":15,"loc":{"start":{"line":15,"column":2},"end":{"line":15,"column":65}},"locations":[{"start":{"line":15,"column":2},"end":{"line":15,"column":65}}]},"2":{"type":"branch","line":17,"loc":{"start":{"line":17,"column":24},"end":{"line":25,"column":3}},"locations":[{"start":{"line":17,"column":24},"end":{"line":25,"column":3}}]},"3":{"type":"branch","line":22,"loc":{"start":{"line":22,"column":-2},"end":{"line":25,"column":3}},"locations":[{"start":{"line":22,"column":-2},"end":{"line":25,"column":3}}]},"4":{"type":"branch","line":27,"loc":{"start":{"line":27,"column":20},"end":{"line":32,"column":3}},"locations":[{"start":{"line":27,"column":20},"end":{"line":32,"column":3}}]},"5":{"type":"branch","line":30,"loc":{"start":{"line":30,"column":12},"end":{"line":30,"column":38}},"locations":[{"start":{"line":30,"column":12},"end":{"line":30,"column":38}}]},"6":{"type":"branch","line":34,"loc":{"start":{"line":34,"column":23},"end":{"line":41,"column":3}},"locations":[{"start":{"line":34,"column":23},"end":{"line":41,"column":3}}]},"7":{"type":"branch","line":39,"loc":{"start":{"line":39,"column":12},"end":{"line":39,"column":36}},"locations":[{"start":{"line":39,"column":12},"end":{"line":39,"column":36}}]},"8":{"type":"branch","line":40,"loc":{"start":{"line":40,"column":13},"end":{"line":40,"column":52}},"locations":[{"start":{"line":40,"column":13},"end":{"line":40,"column":52}}]},"9":{"type":"branch","line":43,"loc":{"start":{"line":43,"column":22},"end":{"line":51,"column":3}},"locations":[{"start":{"line":43,"column":22},"end":{"line":51,"column":3}}]},"10":{"type":"branch","line":45,"loc":{"start":{"line":45,"column":15},"end":{"line":45,"column":54}},"locations":[{"start":{"line":45,"column":15},"end":{"line":45,"column":54}}]},"11":{"type":"branch","line":46,"loc":{"start":{"line":46,"column":-2},"end":{"line":51,"column":3}},"locations":[{"start":{"line":46,"column":-2},"end":{"line":51,"column":3}}]},"12":{"type":"branch","line":49,"loc":{"start":{"line":49,"column":12},"end":{"line":49,"column":48}},"locations":[{"start":{"line":49,"column":12},"end":{"line":49,"column":48}}]},"13":{"type":"branch","line":53,"loc":{"start":{"line":53,"column":22},"end":{"line":62,"column":3}},"locations":[{"start":{"line":53,"column":22},"end":{"line":62,"column":3}}]},"14":{"type":"branch","line":56,"loc":{"start":{"line":56,"column":15},"end":{"line":56,"column":54}},"locations":[{"start":{"line":56,"column":15},"end":{"line":56,"column":54}}]},"15":{"type":"branch","line":57,"loc":{"start":{"line":57,"column":-2},"end":{"line":62,"column":3}},"locations":[{"start":{"line":57,"column":-2},"end":{"line":62,"column":3}}]},"16":{"type":"branch","line":60,"loc":{"start":{"line":60,"column":12},"end":{"line":60,"column":36}},"locations":[{"start":{"line":60,"column":12},"end":{"line":60,"column":36}}]},"17":{"type":"branch","line":61,"loc":{"start":{"line":61,"column":13},"end":{"line":61,"column":52}},"locations":[{"start":{"line":61,"column":13},"end":{"line":61,"column":52}}]},"18":{"type":"branch","line":64,"loc":{"start":{"line":64,"column":22},"end":{"line":71,"column":3}},"locations":[{"start":{"line":64,"column":22},"end":{"line":71,"column":3}}]},"19":{"type":"branch","line":69,"loc":{"start":{"line":69,"column":12},"end":{"line":69,"column":36}},"locations":[{"start":{"line":69,"column":12},"end":{"line":69,"column":36}}]},"20":{"type":"branch","line":70,"loc":{"start":{"line":70,"column":13},"end":{"line":70,"column":52}},"locations":[{"start":{"line":70,"column":13},"end":{"line":70,"column":52}}]}},"b":{"0":[2],"1":[2],"2":[3],"3":[0],"4":[1],"5":[1],"6":[2],"7":[1],"8":[1],"9":[3],"10":[2],"11":[1],"12":[1],"13":[5],"14":[2],"15":[3],"16":[2],"17":[1],"18":[2],"19":[1],"20":[1]},"fnMap":{"0":{"name":"<instance_members_initializer>","decl":{"start":{"line":13,"column":28},"end":{"line":72,"column":1}},"loc":{"start":{"line":13,"column":28},"end":{"line":72,"column":1}},"line":13},"1":{"name":"TodosController","decl":{"start":{"line":15,"column":2},"end":{"line":15,"column":65}},"loc":{"start":{"line":15,"column":2},"end":{"line":15,"column":65}},"line":15},"2":{"name":"handleError","decl":{"start":{"line":17,"column":24},"end":{"line":25,"column":3}},"loc":{"start":{"line":17,"column":24},"end":{"line":25,"column":3}},"line":17},"3":{"name":"getTodos","decl":{"start":{"line":27,"column":20},"end":{"line":32,"column":3}},"loc":{"start":{"line":27,"column":20},"end":{"line":32,"column":3}},"line":27},"4":{"name":"getTodoById","decl":{"start":{"line":34,"column":23},"end":{"line":41,"column":3}},"loc":{"start":{"line":34,"column":23},"end":{"line":41,"column":3}},"line":34},"5":{"name":"createTodo","decl":{"start":{"line":43,"column":22},"end":{"line":51,"column":3}},"loc":{"start":{"line":43,"column":22},"end":{"line":51,"column":3}},"line":43},"6":{"name":"updateTodo","decl":{"start":{"line":53,"column":22},"end":{"line":62,"column":3}},"loc":{"start":{"line":53,"column":22},"end":{"line":62,"column":3}},"line":53},"7":{"name":"deleteTodo","decl":{"start":{"line":64,"column":22},"end":{"line":71,"column":3}},"loc":{"start":{"line":64,"column":22},"end":{"line":71,"column":3}},"line":64}},"f":{"0":2,"1":2,"2":3,"3":1,"4":2,"5":3,"6":5,"7":2}}
,"C:\\Users\\Admin\\Desktop\\Kevin\\Devp\\learn-dev\\curso-node\\node-webrest-server\\src\\test\\test-server.ts": {"path":"C:\\Users\\Admin\\Desktop\\Kevin\\Devp\\learn-dev\\curso-node\\node-webrest-server\\src\\test\\test-server.ts","all":false,"statementMap":{"0":{"start":{"line":1,"column":0},"end":{"line":1,"column":39}},"1":{"start":{"line":2,"column":0},"end":{"line":2,"column":52}},"2":{"start":{"line":3,"column":0},"end":{"line":3,"column":49}},"3":{"start":{"line":4,"column":0},"end":{"line":4,"column":0}},"4":{"start":{"line":5,"column":0},"end":{"line":5,"column":38}},"5":{"start":{"line":6,"column":0},"end":{"line":6,"column":18}},"6":{"start":{"line":7,"column":0},"end":{"line":7,"column":27}},"7":{"start":{"line":8,"column":0},"end":{"line":8,"column":3}}},"s":{"0":1,"1":1,"2":1,"3":1,"4":1,"5":1,"6":1,"7":1},"branchMap":{},"b":{},"fnMap":{},"f":{}}
}
