TN:
SF:src\app.ts
FN:9,main
FNF:1
FNH:1
FNDA:1,main
DA:1,1
DA:2,1
DA:3,1
DA:4,1
DA:5,1
DA:6,1
DA:7,1
DA:8,1
DA:9,1
DA:10,1
DA:11,1
DA:12,1
DA:13,1
DA:14,1
DA:15,1
DA:16,1
DA:17,1
LF:17
LH:17
BRDA:5,0,0,1
BRDA:9,1,0,1
BRF:2
BRH:2
end_of_record
TN:
SF:src\config\envs.ts
FNF:0
FNH:0
DA:1,1
DA:2,1
DA:3,1
DA:4,1
DA:5,1
DA:6,1
DA:7,1
DA:8,1
DA:9,1
LF:9
LH:9
BRF:0
BRH:0
end_of_record
TN:
SF:src\data\postgres\index.ts
FNF:0
FNH:0
DA:1,1
DA:2,1
DA:3,1
DA:4,1
DA:5,1
DA:6,1
DA:7,1
LF:7
LH:7
BRF:0
BRH:0
end_of_record
TN:
SF:src\domain\index.ts
FNF:0
FNH:0
DA:1,1
DA:2,1
DA:3,1
DA:4,1
DA:5,1
DA:6,1
DA:7,1
DA:8,1
DA:9,1
DA:10,1
DA:11,1
LF:11
LH:11
BRF:0
BRH:0
end_of_record
TN:
SF:src\domain\dtos\todos\create-todo.dto.ts
FN:3,<instance_members_initializer>
FN:4,CreateTodoDto
FN:6,create
FNF:3
FNH:3
FNDA:1,<instance_members_initializer>
FNDA:1,CreateTodoDto
FNDA:3,create
DA:1,1
DA:2,1
DA:3,1
DA:4,1
DA:5,1
DA:6,1
DA:7,3
DA:8,3
DA:9,3
DA:10,3
DA:11,1
DA:12,1
DA:13,1
DA:14,1
LF:14
LH:14
BRDA:3,0,0,1
BRDA:4,1,0,1
BRDA:6,2,0,3
BRDA:9,3,0,1
BRDA:10,4,0,2
BRDA:11,5,0,1
BRF:6
BRH:6
end_of_record
TN:
SF:src\domain\dtos\todos\update-todo.dto.ts
FN:3,<instance_members_initializer>
FN:4,UpdateTodoDto
FN:10,get values
FN:19,update
FNF:4
FNH:4
FNDA:3,<instance_members_initializer>
FNDA:3,UpdateTodoDto
FNDA:2,get values
FNDA:5,update
DA:1,1
DA:2,1
DA:3,1
DA:4,3
DA:5,3
DA:6,3
DA:7,3
DA:8,3
DA:9,3
DA:10,3
DA:11,2
DA:12,2
DA:13,2
DA:14,2
DA:15,2
DA:16,2
DA:17,2
DA:18,3
DA:19,3
DA:20,5
DA:21,5
DA:22,5
DA:23,5
DA:24,1
DA:25,1
DA:26,4
DA:27,4
DA:28,4
DA:29,4
DA:30,5
DA:31,3
DA:32,3
DA:33,3
DA:34,1
DA:35,1
DA:36,3
DA:37,3
DA:38,3
DA:39,3
DA:40,3
DA:41,3
LF:41
LH:41
BRDA:3,0,0,3
BRDA:4,1,0,3
BRDA:10,2,0,2
BRDA:13,3,0,1
BRDA:19,4,0,5
BRDA:23,5,0,4
BRDA:23,6,0,1
BRDA:26,7,0,4
BRDA:30,8,0,3
BRDA:33,9,0,1
BRF:10
BRH:10
end_of_record
TN:
SF:src\domain\errors\custom.error.ts
FN:1,<instance_members_initializer>
FN:2,CustomError
FNF:2
FNH:2
FNDA:3,<instance_members_initializer>
FNDA:3,CustomError
DA:1,1
DA:2,3
DA:3,3
DA:4,3
DA:5,3
DA:6,3
DA:7,3
DA:8,3
LF:8
LH:8
BRDA:1,0,0,3
BRDA:2,1,0,3
BRF:2
BRH:2
end_of_record
TN:
SF:src\infrastructure\datasource\todo.datasource.impl.ts
FN:11,create
FN:19,getAll
FN:25,findById
FN:33,updateById
FN:43,deleteById
FNF:5
FNH:5
FNDA:1,create
FNDA:1,getAll
FNDA:7,findById
FNDA:3,updateById
FNDA:2,deleteById
DA:1,1
DA:2,1
DA:3,1
DA:4,1
DA:5,1
DA:6,1
DA:7,1
DA:8,1
DA:9,1
DA:10,1
DA:11,1
DA:12,1
DA:13,1
DA:14,1
DA:15,1
DA:16,1
DA:17,1
DA:18,1
DA:19,1
DA:20,1
DA:21,1
DA:22,1
DA:23,1
DA:24,1
DA:25,1
DA:26,7
DA:27,7
DA:28,7
DA:29,4
DA:30,4
DA:31,4
DA:32,1
DA:33,1
DA:34,3
DA:35,2
DA:36,2
DA:37,2
DA:38,2
DA:39,2
DA:40,2
DA:41,2
DA:42,1
DA:43,1
DA:44,2
DA:45,1
DA:46,1
DA:47,1
DA:48,1
LF:48
LH:48
BRDA:11,0,0,1
BRDA:19,1,0,1
BRDA:22,2,0,2
BRDA:25,3,0,7
BRDA:28,4,0,3
BRDA:29,5,0,4
BRDA:33,6,0,3
BRDA:35,7,0,2
BRDA:43,8,0,2
BRDA:45,9,0,1
BRF:10
BRH:10
end_of_record
TN:
SF:src\presentation\server.ts
FN:10,<instance_members_initializer>
FN:19,Server
FN:26,start
FN:53,close
FNF:4
FNH:4
FNDA:1,<instance_members_initializer>
FNDA:1,Server
FNDA:1,start
FNDA:1,close
DA:1,1
DA:2,1
DA:3,1
DA:4,1
DA:5,1
DA:6,1
DA:7,1
DA:8,1
DA:9,1
DA:10,1
DA:11,1
DA:12,1
DA:13,1
DA:14,1
DA:15,1
DA:16,1
DA:17,1
DA:18,1
DA:19,1
DA:20,1
DA:21,1
DA:22,1
DA:23,1
DA:24,1
DA:25,1
DA:26,1
DA:27,1
DA:28,1
DA:29,1
DA:30,1
DA:31,1
DA:32,1
DA:33,1
DA:34,1
DA:35,1
DA:36,1
DA:37,1
DA:38,1
DA:39,1
DA:40,1
DA:41,0
DA:42,0
DA:43,0
DA:44,0
DA:45,0
DA:46,0
DA:47,1
DA:48,1
DA:49,1
DA:50,1
DA:51,1
DA:52,1
DA:53,1
DA:54,1
DA:55,1
DA:56,1
LF:56
LH:50
BRDA:10,0,0,1
BRDA:19,1,0,1
BRDA:26,2,0,1
BRDA:49,3,0,1
BRDA:53,4,0,1
BRF:5
BRH:5
end_of_record
TN:
SF:src\presentation\todos\controller.ts
FN:19,<instance_members_initializer>
FN:21,TodosController
FN:23,handleError
FN:32,getTodos
FN:39,getTodoById
FN:47,createTodo
FN:57,updateTodo
FN:70,deleteTodo
FNF:8
FNH:8
FNDA:2,<instance_members_initializer>
FNDA:2,TodosController
FNDA:7,handleError
FNDA:1,getTodos
FNDA:2,getTodoById
FNDA:3,createTodo
FNDA:5,updateTodo
FNDA:2,deleteTodo
DA:1,1
DA:2,1
DA:3,1
DA:4,1
DA:5,1
DA:6,1
DA:7,1
DA:8,1
DA:9,1
DA:10,1
DA:11,1
DA:12,1
DA:13,1
DA:14,1
DA:15,1
DA:16,1
DA:17,1
DA:18,1
DA:19,1
DA:20,2
DA:21,2
DA:22,2
DA:23,2
DA:24,7
DA:25,3
DA:26,3
DA:27,3
DA:28,4
DA:29,4
DA:30,2
DA:31,2
DA:32,2
DA:33,1
DA:34,1
DA:35,1
DA:36,1
DA:37,2
DA:38,2
DA:39,2
DA:40,2
DA:41,2
DA:42,2
DA:43,2
DA:44,2
DA:45,2
DA:46,2
DA:47,2
DA:48,3
DA:49,3
DA:50,1
DA:51,1
DA:52,1
DA:53,1
DA:54,1
DA:55,2
DA:56,2
DA:57,2
DA:58,5
DA:59,5
DA:60,5
DA:61,5
DA:62,5
DA:63,3
DA:64,3
DA:65,3
DA:66,3
DA:67,3
DA:68,2
DA:69,2
DA:70,2
DA:71,2
DA:72,2
DA:73,2
DA:74,2
DA:75,2
DA:76,2
DA:77,2
DA:78,2
LF:78
LH:78
BRDA:19,0,0,2
BRDA:21,1,0,2
BRDA:23,2,0,7
BRDA:24,3,0,3
BRDA:28,4,0,4
BRDA:32,5,0,1
BRDA:35,6,0,1
BRDA:39,7,0,2
BRDA:43,8,0,1
BRDA:44,9,0,1
BRDA:47,10,0,3
BRDA:49,11,0,2
BRDA:50,12,0,1
BRDA:53,13,0,1
BRDA:57,14,0,5
BRDA:62,15,0,2
BRDA:63,16,0,3
BRDA:66,17,0,2
BRDA:67,18,0,1
BRDA:70,19,0,2
BRDA:75,20,0,1
BRDA:76,21,0,1
BRF:22
BRH:22
end_of_record
TN:
SF:src\test\test-server.ts
FNF:0
FNH:0
DA:1,1
DA:2,1
DA:3,1
DA:4,1
DA:5,1
DA:6,1
DA:7,1
DA:8,1
LF:8
LH:8
BRF:0
BRH:0
end_of_record
