TN:
SF:src\data\postgres\index.ts
FNF:0
FNH:0
DA:1,1
DA:2,1
DA:3,1
DA:4,1
DA:5,1
DA:6,1
DA:7,1
LF:7
LH:7
BRF:0
BRH:0
end_of_record
TN:
SF:src\presentation\todos\controller.ts
FN:13,<instance_members_initializer>
FN:15,TodosController
FN:17,handleError
FN:27,getTodos
FN:34,getTodoById
FN:43,createTodo
FN:53,updateTodo
FN:64,deleteTodo
FNF:8
FNH:8
FNDA:2,<instance_members_initializer>
FNDA:2,TodosController
FNDA:3,handleError
FNDA:1,getTodos
FNDA:2,getTodoById
FNDA:3,createTodo
FNDA:5,updateTodo
FNDA:2,deleteTodo
DA:1,1
DA:2,1
DA:3,1
DA:4,1
DA:5,1
DA:6,1
DA:7,1
DA:8,1
DA:9,1
DA:10,1
DA:11,1
DA:12,1
DA:13,1
DA:14,2
DA:15,2
DA:16,2
DA:17,2
DA:18,3
DA:19,3
DA:20,3
DA:21,3
DA:22,0
DA:23,0
DA:24,0
DA:25,2
DA:26,2
DA:27,2
DA:28,1
DA:29,1
DA:30,1
DA:31,1
DA:32,2
DA:33,2
DA:34,2
DA:35,2
DA:36,2
DA:37,2
DA:38,2
DA:39,2
DA:40,2
DA:41,2
DA:42,2
DA:43,2
DA:44,3
DA:45,3
DA:46,1
DA:47,1
DA:48,1
DA:49,1
DA:50,1
DA:51,2
DA:52,2
DA:53,2
DA:54,5
DA:55,5
DA:56,5
DA:57,3
DA:58,3
DA:59,3
DA:60,3
DA:61,3
DA:62,2
DA:63,2
DA:64,2
DA:65,2
DA:66,2
DA:67,2
DA:68,2
DA:69,2
DA:70,2
DA:71,2
DA:72,2
LF:72
LH:69
BRDA:13,0,0,2
BRDA:15,1,0,2
BRDA:17,2,0,3
BRDA:22,3,0,0
BRDA:27,4,0,1
BRDA:30,5,0,1
BRDA:34,6,0,2
BRDA:39,7,0,1
BRDA:40,8,0,1
BRDA:43,9,0,3
BRDA:45,10,0,2
BRDA:46,11,0,1
BRDA:49,12,0,1
BRDA:53,13,0,5
BRDA:56,14,0,2
BRDA:57,15,0,3
BRDA:60,16,0,2
BRDA:61,17,0,1
BRDA:64,18,0,2
BRDA:69,19,0,1
BRDA:70,20,0,1
BRF:21
BRH:20
end_of_record
TN:
SF:src\test\test-server.ts
FNF:0
FNH:0
DA:1,1
DA:2,1
DA:3,1
DA:4,1
DA:5,1
DA:6,1
DA:7,1
DA:8,1
LF:8
LH:8
BRF:0
BRH:0
end_of_record
